<?xml version="1.0" encoding="UTF-8"?>
<!-- Generated by org.testng.reporters.JUnitReportReporter -->
<testsuite name="demo.TestNG_Demo" tests="1" time="15.726" ignored="0" failures="0" timestamp="17 Jan 2020 09:22:06 GMT" skipped="0" hostname="LAPTOP-EP6SFNCB" errors="0">
  <testcase name="amazonSearchTest" time="15.726" classname="demo.TestNG_Demo"/>
</testsuite> <!-- demo.TestNG_Demo -->
