<?xml version="1.0" encoding="UTF-8"?>
<!-- Generated by org.testng.reporters.JUnitReportReporter -->
<testsuite name="demo.AmazonSearchRecording" tests="1" time="17.506" ignored="0" failures="0" timestamp="21 Jan 2020 01:05:24 GMT" skipped="0" hostname="LAPTOP-EP6SFNCB" errors="0">
  <testcase name="testRecordingDemo" time="17.506" classname="demo.AmazonSearchRecording"/>
</testsuite> <!-- demo.AmazonSearchRecording -->
