<?xml version="1.0" encoding="UTF-8"?>
<!-- Generated by org.testng.reporters.JUnitReportReporter -->
<testsuite name="listeners.TestPriorityDemo" tests="4" time="0.016" ignored="0" failures="0" timestamp="20 Jan 2020 22:24:23 GMT" skipped="0" hostname="LAPTOP-EP6SFNCB" errors="0">
  <testcase name="test3" time="0.000" classname="listeners.TestPriorityDemo"/>
  <testcase name="test4" time="0.011" classname="listeners.TestPriorityDemo"/>
  <testcase name="test1" time="0.004" classname="listeners.TestPriorityDemo"/>
  <testcase name="test2" time="0.001" classname="listeners.TestPriorityDemo"/>
</testsuite> <!-- listeners.TestPriorityDemo -->
