<?xml version="1.0" encoding="UTF-8"?>
<!-- Generated by org.testng.reporters.JUnitReportReporter -->
<testsuite name="listeners.ListenerDemo2" tests="4" time="0.014" ignored="0" failures="0" timestamp="20 Jan 2020 22:04:26 GMT" skipped="0" hostname="LAPTOP-EP6SFNCB" errors="0">
  <testcase name="test5" time="0.003" classname="listeners.ListenerDemo2"/>
  <testcase name="test6" time="0.003" classname="listeners.ListenerDemo2"/>
  <testcase name="test4" time="0.003" classname="listeners.ListenerDemo2"/>
  <testcase name="test8" time="0.005" classname="listeners.ListenerDemo2"/>
</testsuite> <!-- listeners.ListenerDemo2 -->
