<?xml version="1.0" encoding="UTF-8"?>
<!-- Generated by org.testng.reporters.JUnitReportReporter -->
<testsuite name="demo.guru99LoginPage" tests="7" time="11.704" ignored="0" failures="0" timestamp="22 Jan 2020 02:39:44 GMT" skipped="0" hostname="LAPTOP-EP6SFNCB" errors="0">
  <testcase name="resetTest" time="0.979" classname="demo.guru99LoginPage"/>
  <testcase name="loginTest" time="5.839" classname="demo.guru99LoginPage"/>
  <testcase name="blankLoginTest" time="0.812" classname="demo.guru99LoginPage"/>
  <testcase name="invalidLoginTest" time="1.103" classname="demo.guru99LoginPage"/>
  <testcase name="invalidpasswordTest" time="0.997" classname="demo.guru99LoginPage"/>
  <testcase name="invalidresetTest" time="1.112" classname="demo.guru99LoginPage"/>
  <testcase name="invaliduserTest" time="0.862" classname="demo.guru99LoginPage"/>
</testsuite> <!-- demo.guru99LoginPage -->
